#
# There is insufficient memory for the Java Runtime Environment to continue.
# Native memory allocation (malloc) failed to allocate 1048576 bytes for AllocateHeap
# Possible reasons:
#   The system is out of physical RAM or swap space
#   In 32 bit mode, the process size limit was hit
# Possible solutions:
#   Reduce memory load on the system
#   Increase physical memory or swap space
#   Check if swap backing store is full
#   Use 64 bit Java on a 64 bit OS
#   Decrease Java heap size (-Xmx/-Xms)
#   Decrease number of Java threads
#   Decrease Java thread stack sizes (-Xss)
#   Set larger code cache with -XX:ReservedCodeCacheSize=
# This output file may be truncated or incomplete.
#
#  Out of Memory Error (memory/allocation.inline.hpp:61), pid=12628, tid=0x0000000000000520
#
# JRE version:  (8.0_102-b14) (build )
# Java VM: Java HotSpot(TM) 64-Bit Server VM (25.102-b14 mixed mode windows-amd64 compressed oops)
# Failed to write core dump. Minidumps are not enabled by default on client versions of Windows
#

---------------  T H R E A D  ---------------

Current thread (0x0000000003299000):  JavaThread "Unknown thread" [_thread_in_vm, id=1312, stack(0x0000000003190000,0x0000000003290000)]

Stack: [0x0000000003190000,0x0000000003290000]
[error occurred during error reporting (printing stack bounds), id 0xc0000005]

Native frames: (J=compiled Java code, j=interpreted, Vv=VM code, C=native code)


---------------  P R O C E S S  ---------------

Java Threads: ( => current thread )

Other Threads:

=>0x0000000003299000 (exited) JavaThread "Unknown thread" [_thread_in_vm, id=1312, stack(0x0000000003190000,0x0000000003290000)]

VM state:not at safepoint (normal execution)

VM Mutex/Monitor currently owned by a thread: None

Heap:
 PSYoungGen      total 38400K, used 665K [0x00000000d5c00000, 0x00000000d8680000, 0x0000000100000000)
  eden space 33280K, 2% used [0x00000000d5c00000,0x00000000d5ca6670,0x00000000d7c80000)
  from space 5120K, 0% used [0x00000000d8180000,0x00000000d8180000,0x00000000d8680000)
  to   space 5120K, 0% used [0x00000000d7c80000,0x00000000d7c80000,0x00000000d8180000)
 ParOldGen       total 87552K, used 0K [0x0000000081400000, 0x0000000086980000, 0x00000000d5c00000)
  object space 87552K, 0% used [0x0000000081400000,0x0000000081400000,0x0000000086980000)
 Metaspace       used 770K, capacity 4480K, committed 4480K, reserved 1056768K
  class space    used 75K, capacity 384K, committed 384K, reserved 1048576K

Card table byte_map: [0x0000000012850000,0x0000000012c50000] byte_map_base: 0x0000000012446000

Marking Bits: (ParMarkBitMap*) 0x000000005814a6c0
 Begin Bits: [0x0000000013700000, 0x00000000156b0000)
 End Bits:   [0x00000000156b0000, 0x0000000017660000)

Polling page: 0x00000000016b0000

CodeCache: size=245760Kb used=328Kb max_used=328Kb free=245431Kb
 bounds [0x0000000003490000, 0x0000000003700000, 0x0000000012490000]
 total_blobs=58 nmethods=0 adapters=38
 compilation: enabled

Compilation events (0 events):
No events

GC Heap History (0 events):
No events

Deoptimization events (0 events):
No events

Internal exceptions (0 events):
No events

Events (10 events):
Event: 0.025 loading class java/lang/Short
Event: 0.025 loading class java/lang/Short done
Event: 0.025 loading class java/lang/Integer
Event: 0.025 loading class java/lang/Integer done
Event: 0.025 loading class java/lang/Long
Event: 0.025 loading class java/lang/Long done
Event: 0.026 loading class java/lang/NullPointerException
Event: 0.026 loading class java/lang/NullPointerException done
Event: 0.026 loading class java/lang/ArithmeticException
Event: 0.026 loading class java/lang/ArithmeticException done


Dynamic libraries:
0x00007ff7f50a0000 - 0x00007ff7f50d7000 	C:\Program Files\Java\jdk1.8.0_102\bin\java.exe
0x00007fffc5ce0000 - 0x00007fffc5ec1000 	C:\WINDOWS\SYSTEM32\ntdll.dll
0x00007fffc33a0000 - 0x00007fffc3452000 	C:\WINDOWS\System32\KERNEL32.DLL
0x00007fffc2ef0000 - 0x00007fffc3163000 	C:\WINDOWS\System32\KERNELBASE.dll
0x00007fffc37f0000 - 0x00007fffc3891000 	C:\WINDOWS\System32\ADVAPI32.dll
0x00007fffc3c70000 - 0x00007fffc3d0e000 	C:\WINDOWS\System32\msvcrt.dll
0x00007fffc54f0000 - 0x00007fffc554b000 	C:\WINDOWS\System32\sechost.dll
0x00007fffc3170000 - 0x00007fffc3294000 	C:\WINDOWS\System32\RPCRT4.dll
0x00007fffc3600000 - 0x00007fffc3790000 	C:\WINDOWS\System32\USER32.dll
0x00007fffc2e20000 - 0x00007fffc2e40000 	C:\WINDOWS\System32\win32u.dll
0x00007fffc5c60000 - 0x00007fffc5c88000 	C:\WINDOWS\System32\GDI32.dll
0x00007fffc2c20000 - 0x00007fffc2db2000 	C:\WINDOWS\System32\gdi32full.dll
0x00007fffc2ab0000 - 0x00007fffc2b4f000 	C:\WINDOWS\System32\msvcp_win.dll
0x00007fffc22a0000 - 0x00007fffc239a000 	C:\WINDOWS\System32\ucrtbase.dll
0x00007fffb7920000 - 0x00007fffb7b89000 	C:\WINDOWS\WinSxS\amd64_microsoft.windows.common-controls_6595b64144ccf1df_6.0.17134.112_none_fb3f961b30681c12\COMCTL32.dll
0x00007fffc3940000 - 0x00007fffc3c63000 	C:\WINDOWS\System32\combase.dll
0x00007fffc2b50000 - 0x00007fffc2bca000 	C:\WINDOWS\System32\bcryptPrimitives.dll
0x00007fffc3370000 - 0x00007fffc339d000 	C:\WINDOWS\System32\IMM32.DLL
0x00000000581d0000 - 0x00000000582a1000 	C:\Program Files\Java\jdk1.8.0_102\jre\bin\msvcr100.dll
0x0000000057930000 - 0x00000000581ca000 	C:\Program Files\Java\jdk1.8.0_102\jre\bin\server\jvm.dll
0x00007fffc5ca0000 - 0x00007fffc5ca8000 	C:\WINDOWS\System32\PSAPI.DLL
0x00007fffadbf0000 - 0x00007fffadbf9000 	C:\WINDOWS\SYSTEM32\WSOCK32.dll
0x00007fffbe780000 - 0x00007fffbe7a3000 	C:\WINDOWS\SYSTEM32\WINMM.dll
0x00007fffbbdc0000 - 0x00007fffbbdca000 	C:\WINDOWS\SYSTEM32\VERSION.dll
0x00007fffc56b0000 - 0x00007fffc571c000 	C:\WINDOWS\System32\WS2_32.dll
0x00007fffbe750000 - 0x00007fffbe77a000 	C:\WINDOWS\SYSTEM32\winmmbase.dll
0x00007fffc2bd0000 - 0x00007fffc2c19000 	C:\WINDOWS\System32\cfgmgr32.dll
0x0000000057920000 - 0x000000005792f000 	C:\Program Files\Java\jdk1.8.0_102\jre\bin\verify.dll
0x00000000578f0000 - 0x0000000057919000 	C:\Program Files\Java\jdk1.8.0_102\jre\bin\java.dll
0x0000000057850000 - 0x0000000057873000 	C:\Program Files\Java\jdk1.8.0_102\jre\bin\instrument.dll
0x00000000578d0000 - 0x00000000578e6000 	C:\Program Files\Java\jdk1.8.0_102\jre\bin\zip.dll

VM Arguments:
jvm_args: -ea -Didea.test.cyclic.buffer.size=1048576 -javaagent:C:\Program Files\JetBrains\IntelliJ IDEA 2018.1.5\lib\idea_rt.jar=57122:C:\Program Files\JetBrains\IntelliJ IDEA 2018.1.5\bin -Dfile.encoding=UTF-8 
java_command: com.intellij.rt.execution.junit.JUnitStarter -ideVersion5 -junit4 com.zfreeds.test.demo.owner.OwnerServiceTest,addOwner_whenDogSpecified_DogObjectIsCreatedInDB
java_class_path (initial): C:\Program Files\JetBrains\IntelliJ IDEA 2018.1.5\lib\idea_rt.jar;C:\Program Files\JetBrains\IntelliJ IDEA 2018.1.5\plugins\junit\lib\junit-rt.jar;C:\Program Files\JetBrains\IntelliJ IDEA 2018.1.5\plugins\junit\lib\junit5-rt.jar;C:\Program Files\Java\jdk1.8.0_102\jre\lib\charsets.jar;C:\Program Files\Java\jdk1.8.0_102\jre\lib\deploy.jar;C:\Program Files\Java\jdk1.8.0_102\jre\lib\ext\access-bridge-64.jar;C:\Program Files\Java\jdk1.8.0_102\jre\lib\ext\cldrdata.jar;C:\Program Files\Java\jdk1.8.0_102\jre\lib\ext\dnsns.jar;C:\Program Files\Java\jdk1.8.0_102\jre\lib\ext\jaccess.jar;C:\Program Files\Java\jdk1.8.0_102\jre\lib\ext\jfxrt.jar;C:\Program Files\Java\jdk1.8.0_102\jre\lib\ext\localedata.jar;C:\Program Files\Java\jdk1.8.0_102\jre\lib\ext\nashorn.jar;C:\Program Files\Java\jdk1.8.0_102\jre\lib\ext\sunec.jar;C:\Program Files\Java\jdk1.8.0_102\jre\lib\ext\sunjce_provider.jar;C:\Program Files\Java\jdk1.8.0_102\jre\lib\ext\sunmscapi.jar;C:\Program Files\Java\jdk1.8.0_102\jre\lib\ext\sunpkcs11.jar;C:\Program Files\Java\jdk1.8.0_102\jre\lib\ext\zipfs.jar;C:\Program Files\Java\jdk1.8.0_102\jre\lib\javaws.jar;C:\Program Files\Java\jdk1.8.0_102\jre\lib\jce.jar;C:\Program Files\Java\jdk1.8.0_102\jre\lib\jfr.jar;C:\Program Files\Java\jdk1.8.0_102\jre\lib\jfxswt.jar;C:\Program Files\Java\jdk1.8.0_102\jre\lib\jsse.jar;C:\Program Files\Java\jdk1.8.0_102\jre\lib\management-agent.jar;C:\Program Files\Java\jdk1.8.0_102\jre\lib\plugin.jar;C:\Program Files\Java\jdk1.8.0_102\jre\lib\resources.jar;C:\Program Files\Java\jdk1.8.0_102\jre\lib\rt.jar;C:\Users\Zack\Desktop\Projects\zfreeds\Spring Boot\demo\out\test\classes;C:\Users\Zack\Desktop\Projects\zfreeds\Spring Boot\demo\out\production\classes;C:\Users\Zack\Desktop\Projects\zfreeds\Spring Boot\demo\out\production\resources;C:\Users\Zack\.gradle\caches\modules-2\files-2.1\org.springframework.boot\spring-boot-starter-web\2.0.3.RELEASE\41fd4180bea3813de8f3c602b5a126218360315b\spring-boot-starter-web-2.0.3.RELE
Launcher Type: SUN_STANDARD

Environment Variables:
PATH=C:\Program Files (x86)\Google\Chrome\Application;C:\ProgramData\Oracle\Java\javapath;C:\Program Files (x86)\Intel\iCLS Client\;C:\Program Files\Intel\iCLS Client\;C:\Windows\system32;C:\Windows;C:\Windows\System32\Wbem;C:\Windows\System32\WindowsPowerShell\v1.0\;C:\Program Files\Intel\Intel(R) Management Engine Components\DAL;C:\Program Files\Intel\Intel(R) Management Engine Components\IPT;C:\Program Files (x86)\Intel\Intel(R) Management Engine Components\DAL;C:\Program Files (x86)\Intel\Intel(R) Management Engine Components\IPT;C:\ProgramData\Razer\SwitchBlade\SDK;C:\Program Files (x86)\Windows Live\Shared;C:\Program Files (x86)\QuickTime\QTSystem\;C:\WINDOWS\system32;C:\WINDOWS;C:\WINDOWS\System32\Wbem;C:\WINDOWS\System32\WindowsPowerShell\v1.0\;C:\Users\Zack\.dnx\bin;C:\Program Files\Microsoft DNX\Dnvm\;C:\Program Files\Microsoft SQL Server\130\Tools\Binn\;C:\Users\Zack\Desktop\IDLECode;C:\Program Files (x86)\GtkSharp\2.12\bin;C:\Program Files (x86)\Windows Kits\10\Windows Performance Toolkit\;C:\Program Files (x86)\NVIDIA Corporation\PhysX\Common;C:\WINDOWS\system32;C:\WINDOWS;C:\WINDOWS\System32\Wbem;C:\WINDOWS\System32\WindowsPowerShell\v1.0\;C:\Program Files\nodejs\;C:\Program Files (x86)\Skype\Phone\;C:\Users\Zack\AppData\Local\Android\sdk\tools;C:\Users\Zack\AppData\Local\Android\sdk\platform-tools;C:\Program Files\Git\cmd;C:\WINDOWS\System32\OpenSSH\;C:\Users\Zack\AppData\Local\Microsoft\WindowsApps;C:\Users\Zack\AppData\Local\atom\bin;C:\Program Files\Heroku\bin;C:\Users\Zack\AppData\Roaming\npm;%USERPROFILE%\AppData\Local\Microsoft\WindowsApps;
USERNAME=Zack
OS=Windows_NT
PROCESSOR_IDENTIFIER=Intel64 Family 6 Model 60 Stepping 3, GenuineIntel



---------------  S Y S T E M  ---------------

OS: Windows 10.0 , 64 bit Build 17134 (10.0.17134.1)

CPU:total 8 (4 cores per cpu, 2 threads per core) family 6 model 60 stepping 3, cmov, cx8, fxsr, mmx, sse, sse2, sse3, ssse3, sse4.1, sse4.2, popcnt, avx, avx2, aes, clmul, erms, lzcnt, ht, tsc, tscinvbit, bmi1, bmi2

Memory: 4k page, physical 8304828k(691916k free), swap 13424828k(4456k free)

vm_info: Java HotSpot(TM) 64-Bit Server VM (25.102-b14) for windows-amd64 JRE (1.8.0_102-b14), built on Jun 22 2016 13:15:21 by "java_re" with MS VC++ 10.0 (VS2010)

time: Sun Jul 08 14:38:52 2018
elapsed time: 0 seconds (0d 0h 0m 0s)

