#
# There is insufficient memory for the Java Runtime Environment to continue.
# Native memory allocation (malloc) failed to allocate 32744 bytes for ChunkPool::allocate
# Possible reasons:
#   The system is out of physical RAM or swap space
#   In 32 bit mode, the process size limit was hit
# Possible solutions:
#   Reduce memory load on the system
#   Increase physical memory or swap space
#   Check if swap backing store is full
#   Use 64 bit Java on a 64 bit OS
#   Decrease Java heap size (-Xmx/-Xms)
#   Decrease number of Java threads
#   Decrease Java thread stack sizes (-Xss)
#   Set larger code cache with -XX:ReservedCodeCacheSize=
# This output file may be truncated or incomplete.
#
#  Out of Memory Error (allocation.cpp:273), pid=8412, tid=0x000000000000277c
#
# JRE version: Java(TM) SE Runtime Environment (8.0_102-b14) (build 1.8.0_102-b14)
# Java VM: Java HotSpot(TM) 64-Bit Server VM (25.102-b14 mixed mode windows-amd64 compressed oops)
# Failed to write core dump. Minidumps are not enabled by default on client versions of Windows
#

---------------  T H R E A D  ---------------

Current thread (0x0000000019bbc800):  JavaThread "C2 CompilerThread1" daemon [_thread_in_native, id=10108, stack(0x000000001a510000,0x000000001a610000)]

Stack: [0x000000001a510000,0x000000001a610000]
[error occurred during error reporting (printing stack bounds), id 0xc0000005]

Native frames: (J=compiled Java code, j=interpreted, Vv=VM code, C=native code)


Current CompileTask:
C2:   1100 1159       4       sun.reflect.annotation.AnnotationInvocationHandler::invoke (277 bytes)


---------------  P R O C E S S  ---------------

Java Threads: ( => current thread )
  0x0000000019beb800 JavaThread "Service Thread" daemon [_thread_blocked, id=17972, stack(0x000000001a810000,0x000000001a910000)]
  0x0000000019bcb800 JavaThread "C1 CompilerThread3" daemon [_thread_in_native, id=2648, stack(0x000000001a710000,0x000000001a810000)]
  0x0000000019bc7000 JavaThread "C2 CompilerThread2" daemon [_thread_in_native, id=1688, stack(0x000000001a610000,0x000000001a710000)]
=>0x0000000019bbc800 JavaThread "C2 CompilerThread1" daemon [_thread_in_native, id=10108, stack(0x000000001a510000,0x000000001a610000)]
  0x0000000019bba800 JavaThread "C2 CompilerThread0" daemon [_thread_in_native, id=6732, stack(0x000000001a410000,0x000000001a510000)]
  0x0000000019bb8000 JavaThread "Monitor Ctrl-Break" daemon [_thread_in_native, id=16824, stack(0x000000001a310000,0x000000001a410000)]
  0x0000000019b54000 JavaThread "Attach Listener" daemon [_thread_blocked, id=13108, stack(0x000000001a210000,0x000000001a310000)]
  0x0000000019b53800 JavaThread "Signal Dispatcher" daemon [_thread_blocked, id=2812, stack(0x000000001a110000,0x000000001a210000)]
  0x0000000017c66800 JavaThread "Finalizer" daemon [_thread_blocked, id=2560, stack(0x0000000019f20000,0x000000001a020000)]
  0x0000000017c5f800 JavaThread "Reference Handler" daemon [_thread_blocked, id=8516, stack(0x0000000019a20000,0x0000000019b20000)]
  0x0000000002aa9000 JavaThread "main" [_thread_in_native, id=7620, stack(0x00000000029a0000,0x0000000002aa0000)]

Other Threads:
  0x0000000002b9e800 VMThread [stack: 0x0000000019920000,0x0000000019a20000] [id=15040]
  0x0000000019cd3000 WatcherThread [stack: 0x000000001a910000,0x000000001aa10000] [id=2008]

VM state:not at safepoint (normal execution)

VM Mutex/Monitor currently owned by a thread:  ([mutex/lock_event])
[0x0000000002aa1460] CompiledIC_lock - owner thread: 0x0000000019bcb800

Heap:
 PSYoungGen      total 38400K, used 8032K [0x00000000d5c00000, 0x00000000d8680000, 0x0000000100000000)
  eden space 33280K, 10% used [0x00000000d5c00000,0x00000000d5f68640,0x00000000d7c80000)
  from space 5120K, 88% used [0x00000000d8180000,0x00000000d85efae8,0x00000000d8680000)
  to   space 5120K, 0% used [0x00000000d7c80000,0x00000000d7c80000,0x00000000d8180000)
 ParOldGen       total 87552K, used 24K [0x0000000081400000, 0x0000000086980000, 0x00000000d5c00000)
  object space 87552K, 0% used [0x0000000081400000,0x0000000081406000,0x0000000086980000)
 Metaspace       used 12125K, capacity 12494K, committed 12672K, reserved 1060864K
  class space    used 1461K, capacity 1583K, committed 1664K, reserved 1048576K

Card table byte_map: [0x0000000012060000,0x0000000012460000] byte_map_base: 0x0000000011c56000

Marking Bits: (ParMarkBitMap*) 0x000000005814a6c0
 Begin Bits: [0x0000000012f10000, 0x0000000014ec0000)
 End Bits:   [0x0000000014ec0000, 0x0000000016e70000)

Polling page: 0x0000000000a10000

CodeCache: size=245760Kb used=4210Kb max_used=4210Kb free=241549Kb
 bounds [0x0000000002ca0000, 0x00000000030c0000, 0x0000000011ca0000]
 total_blobs=1519 nmethods=1165 adapters=266
 compilation: disabled (not enough contiguous free space left)

Compilation events (10 events):
Event: 1.086 Thread 0x0000000019bcb800 1164       3       sun.reflect.ClassFileAssembler::emitConstantPoolMethodref (28 bytes)
Event: 1.087 Thread 0x0000000019bcb800 nmethod 1164 0x00000000030bc1d0 code [0x00000000030bc3c0, 0x00000000030bcaa8]
Event: 1.087 Thread 0x0000000019bcb800 1165       3       sun.reflect.ClassFileAssembler::getLength (11 bytes)
Event: 1.087 Thread 0x0000000019bcb800 nmethod 1165 0x00000000030bd010 code [0x00000000030bd180, 0x00000000030bd390]
Event: 1.089 Thread 0x0000000019bcb800 1166       3       java.util.HashMap::<init> (8 bytes)
Event: 1.090 Thread 0x0000000019bcb800 nmethod 1166 0x00000000030bd490 code [0x00000000030bd620, 0x00000000030bd7a8]
Event: 1.090 Thread 0x0000000019bba800 1167       4       java.io.DataOutputStream::writeByte (14 bytes)
Event: 1.096 Thread 0x0000000019bcb800 1168       1       org.springframework.core.annotation.AnnotatedElementUtils$MergedAnnotationAttributesProcessor::aggregates (5 bytes)
Event: 1.096 Thread 0x0000000019bcb800 nmethod 1168 0x00000000030bd850 code [0x00000000030bd9a0, 0x00000000030bdab0]
Event: 1.096 Thread 0x0000000019bcb800 1169   !   3       org.springframework.core.annotation.AnnotatedElementUtils::searchWithFindSemantics (785 bytes)

GC Heap History (4 events):
Event: 0.638 GC heap before
{Heap before GC invocations=1 (full 0):
 PSYoungGen      total 38400K, used 33280K [0x00000000d5c00000, 0x00000000d8680000, 0x0000000100000000)
  eden space 33280K, 100% used [0x00000000d5c00000,0x00000000d7c80000,0x00000000d7c80000)
  from space 5120K, 0% used [0x00000000d8180000,0x00000000d8180000,0x00000000d8680000)
  to   space 5120K, 0% used [0x00000000d7c80000,0x00000000d7c80000,0x00000000d8180000)
 ParOldGen       total 87552K, used 0K [0x0000000081400000, 0x0000000086980000, 0x00000000d5c00000)
  object space 87552K, 0% used [0x0000000081400000,0x0000000081400000,0x0000000086980000)
 Metaspace       used 8218K, capacity 8362K, committed 8576K, reserved 1056768K
  class space    used 970K, capacity 1063K, committed 1152K, reserved 1048576K
Event: 0.641 GC heap after
Heap after GC invocations=1 (full 0):
 PSYoungGen      total 38400K, used 3938K [0x00000000d5c00000, 0x00000000d8680000, 0x0000000100000000)
  eden space 33280K, 0% used [0x00000000d5c00000,0x00000000d5c00000,0x00000000d7c80000)
  from space 5120K, 76% used [0x00000000d7c80000,0x00000000d8058938,0x00000000d8180000)
  to   space 5120K, 0% used [0x00000000d8180000,0x00000000d8180000,0x00000000d8680000)
 ParOldGen       total 87552K, used 16K [0x0000000081400000, 0x0000000086980000, 0x00000000d5c00000)
  object space 87552K, 0% used [0x0000000081400000,0x0000000081404000,0x0000000086980000)
 Metaspace       used 8218K, capacity 8362K, committed 8576K, reserved 1056768K
  class space    used 970K, capacity 1063K, committed 1152K, reserved 1048576K
}
Event: 1.030 GC heap before
{Heap before GC invocations=2 (full 0):
 PSYoungGen      total 38400K, used 37218K [0x00000000d5c00000, 0x00000000d8680000, 0x0000000100000000)
  eden space 33280K, 100% used [0x00000000d5c00000,0x00000000d7c80000,0x00000000d7c80000)
  from space 5120K, 76% used [0x00000000d7c80000,0x00000000d8058938,0x00000000d8180000)
  to   space 5120K, 0% used [0x00000000d8180000,0x00000000d8180000,0x00000000d8680000)
 ParOldGen       total 87552K, used 16K [0x0000000081400000, 0x0000000086980000, 0x00000000d5c00000)
  object space 87552K, 0% used [0x0000000081400000,0x0000000081404000,0x0000000086980000)
 Metaspace       used 11759K, capacity 12104K, committed 12288K, reserved 1060864K
  class space    used 1421K, capacity 1518K, committed 1536K, reserved 1048576K
Event: 1.043 GC heap after
Heap after GC invocations=2 (full 0):
 PSYoungGen      total 38400K, used 4542K [0x00000000d5c00000, 0x00000000d8680000, 0x0000000100000000)
  eden space 33280K, 0% used [0x00000000d5c00000,0x00000000d5c00000,0x00000000d7c80000)
  from space 5120K, 88% used [0x00000000d8180000,0x00000000d85efae8,0x00000000d8680000)
  to   space 5120K, 0% used [0x00000000d7c80000,0x00000000d7c80000,0x00000000d8180000)
 ParOldGen       total 87552K, used 24K [0x0000000081400000, 0x0000000086980000, 0x00000000d5c00000)
  object space 87552K, 0% used [0x0000000081400000,0x0000000081406000,0x0000000086980000)
 Metaspace       used 11759K, capacity 12104K, committed 12288K, reserved 1060864K
  class space    used 1421K, capacity 1518K, committed 1536K, reserved 1048576K
}

Deoptimization events (8 events):
Event: 0.423 Thread 0x0000000002aa9000 Uncommon trap: reason=null_check action=make_not_entrant pc=0x0000000002e9591c method=java.lang.String.equals(Ljava/lang/Object;)Z @ 8
Event: 0.722 Thread 0x0000000002aa9000 Uncommon trap: reason=unstable_if action=reinterpret pc=0x0000000002f07644 method=java.io.WinNTFileSystem.normalize(Ljava/lang/String;)Ljava/lang/String; @ 128
Event: 0.722 Thread 0x0000000002aa9000 Uncommon trap: reason=unstable_if action=reinterpret pc=0x0000000002f4af64 method=java.io.WinNTFileSystem.normalize(Ljava/lang/String;II)Ljava/lang/String; @ 8
Event: 0.722 Thread 0x0000000002aa9000 Uncommon trap: reason=unstable_if action=reinterpret pc=0x0000000002e36e64 method=java.lang.String.indexOf([CII[CIII)I @ 3
Event: 0.797 Thread 0x0000000002aa9000 Uncommon trap: reason=bimorphic action=maybe_recompile pc=0x0000000002fc9264 method=java.util.HashMap.putVal(ILjava/lang/Object;Ljava/lang/Object;ZZ)Ljava/lang/Object; @ 203
Event: 0.836 Thread 0x0000000002aa9000 Uncommon trap: reason=range_check action=make_not_entrant pc=0x0000000002f59320 method=sun.reflect.generics.parser.SignatureParser.current()C @ 34
Event: 0.933 Thread 0x0000000002aa9000 Uncommon trap: reason=unstable_if action=reinterpret pc=0x0000000002fc67f0 method=java.util.HashMap.hash(Ljava/lang/Object;)I @ 1
Event: 0.933 Thread 0x0000000002aa9000 Uncommon trap: reason=unstable_if action=reinterpret pc=0x0000000003032d28 method=java.util.HashMap.hash(Ljava/lang/Object;)I @ 1

Internal exceptions (10 events):
Event: 0.836 Thread 0x0000000002aa9000 Exception <a 'java/lang/ArrayIndexOutOfBoundsException': 182> (0x00000000d6f833b8) thrown at [C:\re\workspace\8-2-build-windows-amd64-cygwin\jdk8u102\7268\hotspot\src\share\vm\interpreter\interpreterRuntime.cpp, line 366]
Event: 0.836 Thread 0x0000000002aa9000 Exception <a 'java/lang/ArrayIndexOutOfBoundsException': 60> (0x00000000d6f85738) thrown at [C:\re\workspace\8-2-build-windows-amd64-cygwin\jdk8u102\7268\hotspot\src\share\vm\interpreter\interpreterRuntime.cpp, line 366]
Event: 0.933 Thread 0x0000000002aa9000 Implicit null exception at 0x0000000002fc6758 to 0x0000000002fc67e6
Event: 0.933 Thread 0x0000000002aa9000 Implicit null exception at 0x0000000003032caf to 0x0000000003032d19
Event: 1.002 Thread 0x0000000002aa9000 Exception <a 'java/lang/NoSuchMethodError': java.lang.Object.lambda$identity$2(Ljava/lang/Object;)Ljava/lang/Object;> (0x00000000d7aa9c98) thrown at [C:\re\workspace\8-2-build-windows-amd64-cygwin\jdk8u102\7268\hotspot\src\share\vm\interpreter\linkResolver.ž¹ÅN ð?
Event: 1.008 Thread 0x0000000002aa9000 Exception <a 'java/lang/NoSuchMethodError': java.lang.Object.lambda$static$0(CI)C> (0x00000000d7ad6310) thrown at [C:\re\workspace\8-2-build-windows-amd64-cygwin\jdk8u102\7268\hotspot\src\share\vm\interpreter\linkResolver.cpp, line 582]
Event: 1.008 Thread 0x0000000002aa9000 Exception <a 'java/lang/NoSuchMethodError': java.lang.Object.lambda$static$1(CI)C> (0x00000000d7ad8f60) thrown at [C:\re\workspace\8-2-build-windows-amd64-cygwin\jdk8u102\7268\hotspot\src\share\vm\interpreter\linkResolver.cpp, line 582]
Event: 1.054 Thread 0x0000000002aa9000 Exception <a 'java/lang/NoClassDefFoundError': org/reactivestreams/Publisher> (0x00000000d5cfec78) thrown at [C:\re\workspace\8-2-build-windows-amd64-cygwin\jdk8u102\7268\hotspot\src\share\vm\classfile\systemDictionary.cpp, line 199]
Event: 1.055 Thread 0x0000000002aa9000 Exception <a 'java/lang/NoClassDefFoundError': rx/Observable> (0x00000000d5d15778) thrown at [C:\re\workspace\8-2-build-windows-amd64-cygwin\jdk8u102\7268\hotspot\src\share\vm\classfile\systemDictionary.cpp, line 199]
Event: 1.055 Thread 0x0000000002aa9000 Exception <a 'java/lang/NoClassDefFoundError': org/reactivestreams/Publisher> (0x00000000d5d2f618) thrown at [C:\re\workspace\8-2-build-windows-amd64-cygwin\jdk8u102\7268\hotspot\src\share\vm\classfile\systemDictionary.cpp, line 199]

Events (10 events):
Event: 1.088 loading class java/io/ObjectInputStream
Event: 1.088 loading class java/io/ObjectInput
Event: 1.088 loading class java/io/ObjectInput done
Event: 1.088 loading class java/io/ObjectInputStream done
Event: 1.088 Executing VM operation: Deoptimize
Event: 1.088 Executing VM operation: Deoptimize done
Event: 1.089 loading class java/io/ObjectStreamClass$FieldReflectorKey
Event: 1.089 loading class java/io/ObjectStreamClass$FieldReflectorKey done
Event: 1.089 loading class java/io/ObjectStreamClass$FieldReflector
Event: 1.089 loading class java/io/ObjectStreamClass$FieldReflector done


Dynamic libraries:
0x00007ff7f50a0000 - 0x00007ff7f50d7000 	C:\Program Files\Java\jdk1.8.0_102\bin\java.exe
0x00007fffc5ce0000 - 0x00007fffc5ec1000 	C:\WINDOWS\SYSTEM32\ntdll.dll
0x00007fffc33a0000 - 0x00007fffc3452000 	C:\WINDOWS\System32\KERNEL32.DLL
0x00007fffc2ef0000 - 0x00007fffc3163000 	C:\WINDOWS\System32\KERNELBASE.dll
0x00007fffc37f0000 - 0x00007fffc3891000 	C:\WINDOWS\System32\ADVAPI32.dll
0x00007fffc3c70000 - 0x00007fffc3d0e000 	C:\WINDOWS\System32\msvcrt.dll
0x00007fffc54f0000 - 0x00007fffc554b000 	C:\WINDOWS\System32\sechost.dll
0x00007fffc3170000 - 0x00007fffc3294000 	C:\WINDOWS\System32\RPCRT4.dll
0x00007fffc3600000 - 0x00007fffc3790000 	C:\WINDOWS\System32\USER32.dll
0x00007fffc2e20000 - 0x00007fffc2e40000 	C:\WINDOWS\System32\win32u.dll
0x00007fffc5c60000 - 0x00007fffc5c88000 	C:\WINDOWS\System32\GDI32.dll
0x00007fffc2c20000 - 0x00007fffc2db2000 	C:\WINDOWS\System32\gdi32full.dll
0x00007fffc2ab0000 - 0x00007fffc2b4f000 	C:\WINDOWS\System32\msvcp_win.dll
0x00007fffc22a0000 - 0x00007fffc239a000 	C:\WINDOWS\System32\ucrtbase.dll
0x00007fffb7920000 - 0x00007fffb7b89000 	C:\WINDOWS\WinSxS\amd64_microsoft.windows.common-controls_6595b64144ccf1df_6.0.17134.112_none_fb3f961b30681c12\COMCTL32.dll
0x00007fffc3940000 - 0x00007fffc3c63000 	C:\WINDOWS\System32\combase.dll
0x00007fffc2b50000 - 0x00007fffc2bca000 	C:\WINDOWS\System32\bcryptPrimitives.dll
0x00007fffc3370000 - 0x00007fffc339d000 	C:\WINDOWS\System32\IMM32.DLL
0x00000000581d0000 - 0x00000000582a1000 	C:\Program Files\Java\jdk1.8.0_102\jre\bin\msvcr100.dll
0x0000000057930000 - 0x00000000581ca000 	C:\Program Files\Java\jdk1.8.0_102\jre\bin\server\jvm.dll
0x00007fffc5ca0000 - 0x00007fffc5ca8000 	C:\WINDOWS\System32\PSAPI.DLL
0x00007fffadbf0000 - 0x00007fffadbf9000 	C:\WINDOWS\SYSTEM32\WSOCK32.dll
0x00007fffbbdc0000 - 0x00007fffbbdca000 	C:\WINDOWS\SYSTEM32\VERSION.dll
0x00007fffbe780000 - 0x00007fffbe7a3000 	C:\WINDOWS\SYSTEM32\WINMM.dll
0x00007fffc56b0000 - 0x00007fffc571c000 	C:\WINDOWS\System32\WS2_32.dll
0x00007fffbe750000 - 0x00007fffbe77a000 	C:\WINDOWS\SYSTEM32\WINMMBASE.dll
0x00007fffc2bd0000 - 0x00007fffc2c19000 	C:\WINDOWS\System32\cfgmgr32.dll
0x0000000057920000 - 0x000000005792f000 	C:\Program Files\Java\jdk1.8.0_102\jre\bin\verify.dll
0x00000000578f0000 - 0x0000000057919000 	C:\Program Files\Java\jdk1.8.0_102\jre\bin\java.dll
0x0000000057850000 - 0x0000000057873000 	C:\Program Files\Java\jdk1.8.0_102\jre\bin\instrument.dll
0x00000000578d0000 - 0x00000000578e6000 	C:\Program Files\Java\jdk1.8.0_102\jre\bin\zip.dll
0x00007fffc40b0000 - 0x00007fffc54f0000 	C:\WINDOWS\System32\SHELL32.dll
0x00007fffc3e00000 - 0x00007fffc3ea9000 	C:\WINDOWS\System32\shcore.dll
0x00007fffc23a0000 - 0x00007fffc2aad000 	C:\WINDOWS\System32\windows.storage.dll
0x00007fffc3790000 - 0x00007fffc37e1000 	C:\WINDOWS\System32\shlwapi.dll
0x00007fffc2070000 - 0x00007fffc2081000 	C:\WINDOWS\System32\kernel.appcore.dll
0x00007fffc2090000 - 0x00007fffc20af000 	C:\WINDOWS\System32\profapi.dll
0x00007fffc2000000 - 0x00007fffc204c000 	C:\WINDOWS\System32\powrprof.dll
0x00007fffc1ff0000 - 0x00007fffc1ffa000 	C:\WINDOWS\System32\FLTLIB.DLL
0x00007fffb0890000 - 0x00007fffb08aa000 	C:\Program Files\JetBrains\IntelliJ IDEA 2018.1.5\bin\breakgen64.dll
0x00000000578b0000 - 0x00000000578ca000 	C:\Program Files\Java\jdk1.8.0_102\jre\bin\net.dll
0x00007fffc1870000 - 0x00007fffc18d6000 	C:\WINDOWS\system32\mswsock.dll
0x0000000057890000 - 0x00000000578a1000 	C:\Program Files\Java\jdk1.8.0_102\jre\bin\nio.dll

VM Arguments:
jvm_args: -ea -Didea.test.cyclic.buffer.size=1048576 -javaagent:C:\Program Files\JetBrains\IntelliJ IDEA 2018.1.5\lib\idea_rt.jar=56805:C:\Program Files\JetBrains\IntelliJ IDEA 2018.1.5\bin -Dfile.encoding=UTF-8 
java_command: com.intellij.rt.execution.junit.JUnitStarter -ideVersion5 -junit4 com.zfreeds.test.demo.owner.OwnerServiceTest,addOwner_whenDogSpecified_DogObjectHasReferenceToOwner
java_class_path (initial): C:\Program Files\JetBrains\IntelliJ IDEA 2018.1.5\lib\idea_rt.jar;C:\Program Files\JetBrains\IntelliJ IDEA 2018.1.5\plugins\junit\lib\junit-rt.jar;C:\Program Files\JetBrains\IntelliJ IDEA 2018.1.5\plugins\junit\lib\junit5-rt.jar;C:\Program Files\Java\jdk1.8.0_102\jre\lib\charsets.jar;C:\Program Files\Java\jdk1.8.0_102\jre\lib\deploy.jar;C:\Program Files\Java\jdk1.8.0_102\jre\lib\ext\access-bridge-64.jar;C:\Program Files\Java\jdk1.8.0_102\jre\lib\ext\cldrdata.jar;C:\Program Files\Java\jdk1.8.0_102\jre\lib\ext\dnsns.jar;C:\Program Files\Java\jdk1.8.0_102\jre\lib\ext\jaccess.jar;C:\Program Files\Java\jdk1.8.0_102\jre\lib\ext\jfxrt.jar;C:\Program Files\Java\jdk1.8.0_102\jre\lib\ext\localedata.jar;C:\Program Files\Java\jdk1.8.0_102\jre\lib\ext\nashorn.jar;C:\Program Files\Java\jdk1.8.0_102\jre\lib\ext\sunec.jar;C:\Program Files\Java\jdk1.8.0_102\jre\lib\ext\sunjce_provider.jar;C:\Program Files\Java\jdk1.8.0_102\jre\lib\ext\sunmscapi.jar;C:\Program Files\Java\jdk1.8.0_102\jre\lib\ext\sunpkcs11.jar;C:\Program Files\Java\jdk1.8.0_102\jre\lib\ext\zipfs.jar;C:\Program Files\Java\jdk1.8.0_102\jre\lib\javaws.jar;C:\Program Files\Java\jdk1.8.0_102\jre\lib\jce.jar;C:\Program Files\Java\jdk1.8.0_102\jre\lib\jfr.jar;C:\Program Files\Java\jdk1.8.0_102\jre\lib\jfxswt.jar;C:\Program Files\Java\jdk1.8.0_102\jre\lib\jsse.jar;C:\Program Files\Java\jdk1.8.0_102\jre\lib\management-agent.jar;C:\Program Files\Java\jdk1.8.0_102\jre\lib\plugin.jar;C:\Program Files\Java\jdk1.8.0_102\jre\lib\resources.jar;C:\Program Files\Java\jdk1.8.0_102\jre\lib\rt.jar;C:\Users\Zack\Desktop\Projects\zfreeds\Spring Boot\demo\out\test\classes;C:\Users\Zack\Desktop\Projects\zfreeds\Spring Boot\demo\out\production\classes;C:\Users\Zack\Desktop\Projects\zfreeds\Spring Boot\demo\out\production\resources;C:\Users\Zack\.gradle\caches\modules-2\files-2.1\org.springframework.boot\spring-boot-starter-web\2.0.3.RELEASE\41fd4180bea3813de8f3c602b5a126218360315b\spring-boot-starter-web-2.0.3.RELE
Launcher Type: SUN_STANDARD

Environment Variables:
PATH=C:\Program Files (x86)\Google\Chrome\Application;C:\ProgramData\Oracle\Java\javapath;C:\Program Files (x86)\Intel\iCLS Client\;C:\Program Files\Intel\iCLS Client\;C:\Windows\system32;C:\Windows;C:\Windows\System32\Wbem;C:\Windows\System32\WindowsPowerShell\v1.0\;C:\Program Files\Intel\Intel(R) Management Engine Components\DAL;C:\Program Files\Intel\Intel(R) Management Engine Components\IPT;C:\Program Files (x86)\Intel\Intel(R) Management Engine Components\DAL;C:\Program Files (x86)\Intel\Intel(R) Management Engine Components\IPT;C:\ProgramData\Razer\SwitchBlade\SDK;C:\Program Files (x86)\Windows Live\Shared;C:\Program Files (x86)\QuickTime\QTSystem\;C:\WINDOWS\system32;C:\WINDOWS;C:\WINDOWS\System32\Wbem;C:\WINDOWS\System32\WindowsPowerShell\v1.0\;C:\Users\Zack\.dnx\bin;C:\Program Files\Microsoft DNX\Dnvm\;C:\Program Files\Microsoft SQL Server\130\Tools\Binn\;C:\Users\Zack\Desktop\IDLECode;C:\Program Files (x86)\GtkSharp\2.12\bin;C:\Program Files (x86)\Windows Kits\10\Windows Performance Toolkit\;C:\Program Files (x86)\NVIDIA Corporation\PhysX\Common;C:\WINDOWS\system32;C:\WINDOWS;C:\WINDOWS\System32\Wbem;C:\WINDOWS\System32\WindowsPowerShell\v1.0\;C:\Program Files\nodejs\;C:\Program Files (x86)\Skype\Phone\;C:\Users\Zack\AppData\Local\Android\sdk\tools;C:\Users\Zack\AppData\Local\Android\sdk\platform-tools;C:\Program Files\Git\cmd;C:\WINDOWS\System32\OpenSSH\;C:\Users\Zack\AppData\Local\Microsoft\WindowsApps;C:\Users\Zack\AppData\Local\atom\bin;C:\Program Files\Heroku\bin;C:\Users\Zack\AppData\Roaming\npm;%USERPROFILE%\AppData\Local\Microsoft\WindowsApps;
USERNAME=Zack
OS=Windows_NT
PROCESSOR_IDENTIFIER=Intel64 Family 6 Model 60 Stepping 3, GenuineIntel



---------------  S Y S T E M  ---------------

OS: Windows 10.0 , 64 bit Build 17134 (10.0.17134.1)

CPU:total 8 (4 cores per cpu, 2 threads per core) family 6 model 60 stepping 3, cmov, cx8, fxsr, mmx, sse, sse2, sse3, ssse3, sse4.1, sse4.2, popcnt, avx, avx2, aes, clmul, erms, lzcnt, ht, tsc, tscinvbit, bmi1, bmi2

Memory: 4k page, physical 8304828k(771548k free), swap 13424828k(3924k free)

vm_info: Java HotSpot(TM) 64-Bit Server VM (25.102-b14) for windows-amd64 JRE (1.8.0_102-b14), built on Jun 22 2016 13:15:21 by "java_re" with MS VC++ 10.0 (VS2010)

time: Sun Jul 08 14:35:43 2018
elapsed time: 1 seconds (0d 0h 0m 1s)

